[debug] [2018-01-07T17:15:13.532Z] ----------------------------------------------------------------------
[debug] [2018-01-07T17:15:13.532Z] Command:       C:\Program Files\nodejs\node.exe C:\Users\Natesh\AppData\Roaming\npm\node_modules\firebase-tools\bin\firebase serve --only functions,hosting
[debug] [2018-01-07T17:15:13.532Z] CLI Version:   3.16.0
[debug] [2018-01-07T17:15:13.532Z] Platform:      win32
[debug] [2018-01-07T17:15:13.532Z] Node Version:  v6.11.5
[debug] [2018-01-07T17:15:13.532Z] Time:          Sun Jan 07 2018 22:45:13 GMT+0530 (India Standard Time)
[debug] [2018-01-07T17:15:13.532Z] ----------------------------------------------------------------------
[debug] 
[debug] [2018-01-07T17:15:13.532Z] > command requires scopes: ["email","openid","https://www.googleapis.com/auth/cloudplatformprojects.readonly","https://www.googleapis.com/auth/firebase","https://www.googleapis.com/auth/cloud-platform"]
[debug] [2018-01-07T17:15:13.532Z] > authorizing via signed-in user
[debug] [2018-01-07T17:15:13.548Z] > refreshing access token with scopes: ["email","https://www.googleapis.com/auth/cloud-platform","https://www.googleapis.com/auth/cloudplatformprojects.readonly","https://www.googleapis.com/auth/firebase","openid"]
[debug] [2018-01-07T17:15:13.548Z] >>> HTTP REQUEST POST https://www.googleapis.com/oauth2/v3/token  
 { refresh_token: '1/MndOwxhDQ7xDebDjvlryCDipHpcGUcEHr1TjtzC56K4',
  client_id: '563584335869-fgrhgmd47bqnekij5i8b5pr03ho849e6.apps.googleusercontent.com',
  client_secret: 'j9iVZfS8kkCEFUPaAeJV0sAi',
  grant_type: 'refresh_token',
  scope: 'email https://www.googleapis.com/auth/cloud-platform https://www.googleapis.com/auth/cloudplatformprojects.readonly https://www.googleapis.com/auth/firebase openid' } 
 Sun Jan 07 2018 22:45:13 GMT+0530 (India Standard Time)
[debug] [2018-01-07T17:15:13.781Z] <<< HTTP RESPONSE 200
[debug] [2018-01-07T17:15:13.953Z] >>> HTTP REQUEST GET https://admin.firebase.com/v1/projects/raita-mitra-2018  
  
 Sun Jan 07 2018 22:45:13 GMT+0530 (India Standard Time)
[debug] [2018-01-07T17:15:15.178Z] <<< HTTP RESPONSE 200
[debug] [2018-01-07T17:15:15.178Z] >>> HTTP REQUEST GET https://admin.firebase.com/v1/database/raita-mitra-2018/tokens  
  
 Sun Jan 07 2018 22:45:15 GMT+0530 (India Standard Time)
[debug] [2018-01-07T17:15:17.065Z] <<< HTTP RESPONSE 200
[info] 
[info] === Serving from 'C:\Users\Natesh\Desktop\Farmer Project'...
[info] 
[info] i  functions: Preparing to emulate functions.
[debug] [2018-01-07T17:15:17.893Z] >>> HTTP REQUEST GET https://appengine.googleapis.com/v1/apps/raita-mitra-2018  
  
 Sun Jan 07 2018 22:45:17 GMT+0530 (India Standard Time)
[debug] [2018-01-07T17:15:17.893Z] >>> HTTP REQUEST GET https://apikeys.googleapis.com/v1/projects/raita-mitra-2018/apiKeys  
  
 Sun Jan 07 2018 22:45:17 GMT+0530 (India Standard Time)
[debug] [2018-01-07T17:15:17.893Z] >>> HTTP REQUEST GET https://cloudresourcemanager.googleapis.com/v1/projects/raita-mitra-2018  
  
 Sun Jan 07 2018 22:45:17 GMT+0530 (India Standard Time)
[debug] [2018-01-07T17:15:19.503Z] <<< HTTP RESPONSE 200
[debug] [2018-01-07T17:15:19.503Z] >>> HTTP REQUEST GET https://mobilesdk-pa.googleapis.com/v1/projects/905152372146/clients/_:getWebAppConfig  
  
 Sun Jan 07 2018 22:45:19 GMT+0530 (India Standard Time)
[debug] [2018-01-07T17:15:19.612Z] <<< HTTP RESPONSE 200
[debug] [2018-01-07T17:15:19.690Z] <<< HTTP RESPONSE 200
[debug] [2018-01-07T17:15:20.343Z] <<< HTTP RESPONSE 200
[info] i  hosting: Serving hosting files from: public
[info] +  hosting: Local server: http://localhost:5000

[info] +  functions: app: http://localhost:5001/raita-mitra-2018/us-central1/app
[debug] [2018-01-08T13:54:40.284Z] ----------------------------------------------------------------------
[debug] [2018-01-08T13:54:40.288Z] Command:       C:\Program Files\nodejs\node.exe C:\Users\Natesh\AppData\Roaming\npm\node_modules\firebase-tools\bin\firebase serve --only funtions,hosting
[debug] [2018-01-08T13:54:40.289Z] CLI Version:   3.16.0
[debug] [2018-01-08T13:54:40.289Z] Platform:      win32
[debug] [2018-01-08T13:54:40.289Z] Node Version:  v6.11.5
[debug] [2018-01-08T13:54:40.290Z] Time:          Mon Jan 08 2018 19:24:40 GMT+0530 (India Standard Time)
[debug] [2018-01-08T13:54:40.290Z] ----------------------------------------------------------------------
[debug] 
[debug] [2018-01-08T13:54:40.394Z] > command requires scopes: ["email","openid","https://www.googleapis.com/auth/cloudplatformprojects.readonly","https://www.googleapis.com/auth/firebase","https://www.googleapis.com/auth/cloud-platform"]
[debug] [2018-01-08T13:54:40.395Z] > authorizing via signed-in user
[debug] [2018-01-08T13:54:40.398Z] > refreshing access token with scopes: ["email","https://www.googleapis.com/auth/cloud-platform","https://www.googleapis.com/auth/cloudplatformprojects.readonly","https://www.googleapis.com/auth/firebase","openid"]
[debug] [2018-01-08T13:54:40.398Z] >>> HTTP REQUEST POST https://www.googleapis.com/oauth2/v3/token  
 { refresh_token: '1/MndOwxhDQ7xDebDjvlryCDipHpcGUcEHr1TjtzC56K4',
  client_id: '563584335869-fgrhgmd47bqnekij5i8b5pr03ho849e6.apps.googleusercontent.com',
  client_secret: 'j9iVZfS8kkCEFUPaAeJV0sAi',
  grant_type: 'refresh_token',
  scope: 'email https://www.googleapis.com/auth/cloud-platform https://www.googleapis.com/auth/cloudplatformprojects.readonly https://www.googleapis.com/auth/firebase openid' } 
 Mon Jan 08 2018 19:24:40 GMT+0530 (India Standard Time)
[debug] [2018-01-08T13:54:40.939Z] <<< HTTP RESPONSE 200
[debug] [2018-01-08T13:54:40.966Z] >>> HTTP REQUEST GET https://admin.firebase.com/v1/projects/raita-mitra-2018  
  
 Mon Jan 08 2018 19:24:40 GMT+0530 (India Standard Time)
[debug] [2018-01-08T13:54:42.303Z] <<< HTTP RESPONSE 200
[debug] [2018-01-08T13:54:42.305Z] >>> HTTP REQUEST GET https://admin.firebase.com/v1/database/raita-mitra-2018/tokens  
  
 Mon Jan 08 2018 19:24:42 GMT+0530 (India Standard Time)
[debug] [2018-01-08T13:54:43.282Z] <<< HTTP RESPONSE 200
[info] 
[info] === Serving from 'C:\Users\Natesh\Desktop\Farmer Project'...
[info] 
[debug] [2018-01-08T13:54:43.293Z] >>> HTTP REQUEST GET https://cloudresourcemanager.googleapis.com/v1/projects/raita-mitra-2018  
  
 Mon Jan 08 2018 19:24:43 GMT+0530 (India Standard Time)
[debug] [2018-01-08T13:54:44.705Z] <<< HTTP RESPONSE 200
[debug] [2018-01-08T13:54:44.706Z] >>> HTTP REQUEST GET https://mobilesdk-pa.googleapis.com/v1/projects/905152372146/clients/_:getWebAppConfig  
  
 Mon Jan 08 2018 19:24:44 GMT+0530 (India Standard Time)
[debug] [2018-01-08T13:54:45.576Z] <<< HTTP RESPONSE 200
[info] i  hosting: Serving hosting files from: public
[info] +  hosting: Local server: http://localhost:5000

[info] Shutting down...
[debug] [2018-01-08T13:55:32.783Z] ----------------------------------------------------------------------
[debug] [2018-01-08T13:55:32.784Z] Command:       C:\Program Files\nodejs\node.exe C:\Users\Natesh\AppData\Roaming\npm\node_modules\firebase-tools\bin\firebase serve --only funtions,hosting
[debug] [2018-01-08T13:55:32.785Z] CLI Version:   3.16.0
[debug] [2018-01-08T13:55:32.785Z] Platform:      win32
[debug] [2018-01-08T13:55:32.785Z] Node Version:  v6.11.5
[debug] [2018-01-08T13:55:32.785Z] Time:          Mon Jan 08 2018 19:25:32 GMT+0530 (India Standard Time)
[debug] [2018-01-08T13:55:32.785Z] ----------------------------------------------------------------------
[debug] 
[debug] [2018-01-08T13:55:32.793Z] > command requires scopes: ["email","openid","https://www.googleapis.com/auth/cloudplatformprojects.readonly","https://www.googleapis.com/auth/firebase","https://www.googleapis.com/auth/cloud-platform"]
[debug] [2018-01-08T13:55:32.793Z] > authorizing via signed-in user
[debug] [2018-01-08T13:55:32.795Z] >>> HTTP REQUEST GET https://admin.firebase.com/v1/projects/raita-mitra-2018  
  
 Mon Jan 08 2018 19:25:32 GMT+0530 (India Standard Time)
[debug] [2018-01-08T13:55:33.908Z] <<< HTTP RESPONSE 200
[debug] [2018-01-08T13:55:33.909Z] >>> HTTP REQUEST GET https://admin.firebase.com/v1/database/raita-mitra-2018/tokens  
  
 Mon Jan 08 2018 19:25:33 GMT+0530 (India Standard Time)
[debug] [2018-01-08T13:55:34.897Z] <<< HTTP RESPONSE 200
[info] 
[info] === Serving from 'C:\Users\Natesh\Desktop\Farmer Project'...
[info] 
[debug] [2018-01-08T13:55:34.906Z] >>> HTTP REQUEST GET https://cloudresourcemanager.googleapis.com/v1/projects/raita-mitra-2018  
  
 Mon Jan 08 2018 19:25:34 GMT+0530 (India Standard Time)
[debug] [2018-01-08T13:55:36.313Z] <<< HTTP RESPONSE 200
[debug] [2018-01-08T13:55:36.315Z] >>> HTTP REQUEST GET https://mobilesdk-pa.googleapis.com/v1/projects/905152372146/clients/_:getWebAppConfig  
  
 Mon Jan 08 2018 19:25:36 GMT+0530 (India Standard Time)
[debug] [2018-01-08T13:55:37.244Z] <<< HTTP RESPONSE 200
[info] i  hosting: Serving hosting files from: public
[info] +  hosting: Local server: http://localhost:5000

[info] [hosting] Rewriting /index.html/ to live function app
[info] [hosting] Rewriting /index.html/ to live function app
[info] Shutting down...
[debug] [2018-01-08T13:57:57.176Z] ----------------------------------------------------------------------
[debug] [2018-01-08T13:57:57.177Z] Command:       C:\Program Files\nodejs\node.exe C:\Users\Natesh\AppData\Roaming\npm\node_modules\firebase-tools\bin\firebase serve --only hosting,funtions
[debug] [2018-01-08T13:57:57.178Z] CLI Version:   3.16.0
[debug] [2018-01-08T13:57:57.178Z] Platform:      win32
[debug] [2018-01-08T13:57:57.178Z] Node Version:  v6.11.5
[debug] [2018-01-08T13:57:57.178Z] Time:          Mon Jan 08 2018 19:27:57 GMT+0530 (India Standard Time)
[debug] [2018-01-08T13:57:57.178Z] ----------------------------------------------------------------------
[debug] 
[debug] [2018-01-08T13:57:57.187Z] > command requires scopes: ["email","openid","https://www.googleapis.com/auth/cloudplatformprojects.readonly","https://www.googleapis.com/auth/firebase","https://www.googleapis.com/auth/cloud-platform"]
[debug] [2018-01-08T13:57:57.187Z] > authorizing via signed-in user
[debug] [2018-01-08T13:57:57.188Z] >>> HTTP REQUEST GET https://admin.firebase.com/v1/projects/raita-mitra-2018  
  
 Mon Jan 08 2018 19:27:57 GMT+0530 (India Standard Time)
[debug] [2018-01-08T13:57:58.329Z] <<< HTTP RESPONSE 200
[debug] [2018-01-08T13:57:58.332Z] >>> HTTP REQUEST GET https://admin.firebase.com/v1/database/raita-mitra-2018/tokens  
  
 Mon Jan 08 2018 19:27:58 GMT+0530 (India Standard Time)
[debug] [2018-01-08T13:58:01.607Z] ----------------------------------------------------------------------
[debug] [2018-01-08T13:58:01.609Z] Command:       C:\Program Files\nodejs\node.exe C:\Users\Natesh\AppData\Roaming\npm\node_modules\firebase-tools\bin\firebase serve --only hosting,functions
[debug] [2018-01-08T13:58:01.609Z] CLI Version:   3.16.0
[debug] [2018-01-08T13:58:01.609Z] Platform:      win32
[debug] [2018-01-08T13:58:01.609Z] Node Version:  v6.11.5
[debug] [2018-01-08T13:58:01.609Z] Time:          Mon Jan 08 2018 19:28:01 GMT+0530 (India Standard Time)
[debug] [2018-01-08T13:58:01.609Z] ----------------------------------------------------------------------
[debug] 
[debug] [2018-01-08T13:58:01.617Z] > command requires scopes: ["email","openid","https://www.googleapis.com/auth/cloudplatformprojects.readonly","https://www.googleapis.com/auth/firebase","https://www.googleapis.com/auth/cloud-platform"]
[debug] [2018-01-08T13:58:01.617Z] > authorizing via signed-in user
[debug] [2018-01-08T13:58:01.619Z] >>> HTTP REQUEST GET https://admin.firebase.com/v1/projects/raita-mitra-2018  
  
 Mon Jan 08 2018 19:28:01 GMT+0530 (India Standard Time)
[debug] [2018-01-08T13:58:02.826Z] <<< HTTP RESPONSE 200
[debug] [2018-01-08T13:58:02.830Z] >>> HTTP REQUEST GET https://admin.firebase.com/v1/database/raita-mitra-2018/tokens  
  
 Mon Jan 08 2018 19:28:02 GMT+0530 (India Standard Time)
[debug] [2018-01-08T13:58:03.775Z] <<< HTTP RESPONSE 200
[info] 
[info] === Serving from 'C:\Users\Natesh\Desktop\Farmer Project'...
[info] 
[info] i  functions: Preparing to emulate functions.
[debug] [2018-01-08T13:58:51.484Z] >>> HTTP REQUEST GET https://appengine.googleapis.com/v1/apps/raita-mitra-2018  
  
 Mon Jan 08 2018 19:28:51 GMT+0530 (India Standard Time)
[debug] [2018-01-08T13:58:51.489Z] >>> HTTP REQUEST GET https://apikeys.googleapis.com/v1/projects/raita-mitra-2018/apiKeys  
  
 Mon Jan 08 2018 19:28:51 GMT+0530 (India Standard Time)
[debug] [2018-01-08T13:58:51.489Z] >>> HTTP REQUEST GET https://cloudresourcemanager.googleapis.com/v1/projects/raita-mitra-2018  
  
 Mon Jan 08 2018 19:28:51 GMT+0530 (India Standard Time)
[debug] [2018-01-08T13:58:53.006Z] <<< HTTP RESPONSE 200
[debug] [2018-01-08T13:58:53.006Z] >>> HTTP REQUEST GET https://mobilesdk-pa.googleapis.com/v1/projects/905152372146/clients/_:getWebAppConfig  
  
 Mon Jan 08 2018 19:28:53 GMT+0530 (India Standard Time)
[debug] [2018-01-08T13:58:53.125Z] <<< HTTP RESPONSE 200
[debug] [2018-01-08T13:58:53.178Z] <<< HTTP RESPONSE 200
[debug] [2018-01-08T13:58:54.040Z] <<< HTTP RESPONSE 200
[info] i  hosting: Serving hosting files from: public
[info] +  hosting: Local server: http://localhost:5000

[info] +  functions: app: http://localhost:5001/raita-mitra-2018/us-central1/app
[info] Shutting down...
